0 info it worked if it ends with ok
1 verbose cli [ '/usr/bin/nodejs', '/usr/bin/npm', 'run', 'minify' ]
2 info using npm@3.5.2
3 info using node@v4.2.6
4 verbose run-script [ 'preminify', 'minify', 'postminify' ]
5 info lifecycle minify_plugins@1.0.0~preminify: minify_plugins@1.0.0
6 silly lifecycle minify_plugins@1.0.0~preminify: no script for preminify, continuing
7 info lifecycle minify_plugins@1.0.0~minify: minify_plugins@1.0.0
8 verbose lifecycle minify_plugins@1.0.0~minify: unsafe-perm in lifecycle true
9 verbose lifecycle minify_plugins@1.0.0~minify: PATH: /usr/share/npm/bin/node-gyp-bin:/home/virtualdiegox/Documents/INGInious/utils/minify_plugins/node_modules/.bin:/home/virtualdiegox/Documents/uncode/bin:/home/virtualdiegox/bin:/home/virtualdiegox/.local/bin:/home/virtualdiegox/bin:/home/virtualdiegox/.local/bin:/usr/local/sbin:/usr/local/bin:/usr/sbin:/usr/bin:/sbin:/bin:/usr/games:/usr/local/games:/snap/bin
10 verbose lifecycle minify_plugins@1.0.0~minify: CWD: /home/virtualdiegox/Documents/INGInious/utils/minify_plugins
11 silly lifecycle minify_plugins@1.0.0~minify: Args: [ '-c', 'node ./minify_plugins.js' ]
12 silly lifecycle minify_plugins@1.0.0~minify: Returned: code: 1  signal: null
13 info lifecycle minify_plugins@1.0.0~minify: Failed to exec minify script
14 verbose stack Error: minify_plugins@1.0.0 minify: `node ./minify_plugins.js`
14 verbose stack Exit status 1
14 verbose stack     at EventEmitter.<anonymous> (/usr/share/npm/lib/utils/lifecycle.js:232:16)
14 verbose stack     at emitTwo (events.js:87:13)
14 verbose stack     at EventEmitter.emit (events.js:172:7)
14 verbose stack     at ChildProcess.<anonymous> (/usr/share/npm/lib/utils/spawn.js:24:14)
14 verbose stack     at emitTwo (events.js:87:13)
14 verbose stack     at ChildProcess.emit (events.js:172:7)
14 verbose stack     at maybeClose (internal/child_process.js:821:16)
14 verbose stack     at Process.ChildProcess._handle.onexit (internal/child_process.js:211:5)
15 verbose pkgid minify_plugins@1.0.0
16 verbose cwd /home/virtualdiegox/Documents/INGInious/utils/minify_plugins
17 error Linux 4.15.0-142-generic
18 error argv "/usr/bin/nodejs" "/usr/bin/npm" "run" "minify"
19 error node v4.2.6
20 error npm  v3.5.2
21 error code ELIFECYCLE
22 error minify_plugins@1.0.0 minify: `node ./minify_plugins.js`
22 error Exit status 1
23 error Failed at the minify_plugins@1.0.0 minify script 'node ./minify_plugins.js'.
23 error Make sure you have the latest version of node.js and npm installed.
23 error If you do, this is most likely a problem with the minify_plugins package,
23 error not with npm itself.
23 error Tell the author that this fails on your system:
23 error     node ./minify_plugins.js
23 error You can get information on how to open an issue for this project with:
23 error     npm bugs minify_plugins
23 error Or if that isn't available, you can get their info via:
23 error     npm owner ls minify_plugins
23 error There is likely additional logging output above.
24 verbose exit [ 1, true ]
